<?xml version="1.0" encoding="UTF-8" ?>
<testsuite tests="57" failures="0" name="com.ttkien.utils.RectangleUtilTest" time="0.025" errors="0" skipped="0">
  <properties>
[...]
</properties>
  <testcase classname="com.ttkien.utils.RectangleUtilTest" name="testVisualizeOnConsoleWithLargeRectangles_thenExpectWarningReturn2" time="0.002"/>
  <testcase classname="com.ttkien.utils.RectangleUtilTest" name="testReadInputWithPositiveValues" time="0.001"/>
  <testcase classname="com.ttkien.utils.RectangleUtilTest" name="testAnalyzeFeatures_thenExpectProperAdjacency" time="0.001"/>
  <testcase classname="com.ttkien.utils.RectangleUtilTest" name="testAnalyzeFeatures_thenExpectContainmentAndSublineAdjacency" time="0"/>
  <testcase classname="com.ttkien.utils.RectangleUtilTest" name="testAnalyzeFeatures_thenExpectSublineAdjacency" time="0"/>
  <testcase classname="com.ttkien.utils.RectangleUtilTest" name="testAnalyzeFeatures_thenExpectPartialAdjacency" time="0.001"/>
  <testcase classname="com.ttkien.utils.RectangleUtilTest" name="testAnalyzeFeatures_thenExpectIntersectionAndContainment" time="0"/>
  <testcase classname="com.ttkien.utils.RectangleUtilTest" name="testAnalyzeFeatures_thenExpectNoneOfFeaturesExist1" time="0.001"/>
  <testcase classname="com.ttkien.utils.RectangleUtilTest" name="testAnalyzeFeatures_thenExpectNoneOfFeaturesExist2" time="0"/>
  <testcase classname="com.ttkien.utils.RectangleUtilTest" name="testAnalyzeFeatures_thenExpectNoneOfFeaturesExist4" time="0"/>
  <testcase classname="com.ttkien.utils.RectangleUtilTest" name="testAnalyzeFeatures_thenExpectNoneOfFeaturesExist5" time="0.001"/>
  <testcase classname="com.ttkien.utils.RectangleUtilTest" name="testAnalyzeFeatures_thenExpectNoneOfFeaturesExist6" time="0"/>
  <testcase classname="com.ttkien.utils.RectangleUtilTest" name="testAnalyzeFeatures_thenExpectNoneOfFeaturesExist7" time="0.001"/>
  <testcase classname="com.ttkien.utils.RectangleUtilTest" name="testAnalyzeFeatures_thenExpectNoneOfFeaturesExist8" time="0"/>
  <testcase classname="com.ttkien.utils.RectangleUtilTest" name="testAnalyzeFeatures_thenExpectNoneOfFeaturesExist9" time="0.001"/>
  <testcase classname="com.ttkien.utils.RectangleUtilTest" name="testVisualizeOnConsole_thenExpectVisualizableStringReturn2" time="0.004"/>
  <testcase classname="com.ttkien.utils.RectangleUtilTest" name="testVisualizeOnConsole_thenExpectVisualizableStringReturn3" time="0"/>
  <testcase classname="com.ttkien.utils.RectangleUtilTest" name="testVisualizeOnConsole_thenExpectVisualizableStringReturn4" time="0"/>
  <testcase classname="com.ttkien.utils.RectangleUtilTest" name="testVisualizeOnConsole_thenExpectVisualizableStringReturn5" time="0.001"/>
  <testcase classname="com.ttkien.utils.RectangleUtilTest" name="testVisualizeOnConsole_thenExpectVisualizableStringReturn6" time="0"/>
  <testcase classname="com.ttkien.utils.RectangleUtilTest" name="testVisualizeOnConsole_thenExpectVisualizableStringReturn7" time="0"/>
  <testcase classname="com.ttkien.utils.RectangleUtilTest" name="testAnalyzeFeatures_thenExpectContainmentAndProperAdjacency1" time="0"/>
  <testcase classname="com.ttkien.utils.RectangleUtilTest" name="testAnalyzeFeatures_thenExpectContainmentAndProperAdjacency2" time="0.001"/>
  <testcase classname="com.ttkien.utils.RectangleUtilTest" name="testAnalyzeFeatures_thenExpectContainmentAndProperAdjacency3" time="0"/>
  <testcase classname="com.ttkien.utils.RectangleUtilTest" name="testAnalyzeFeatures_thenExpectNoneFeaturesExist" time="0"/>
  <testcase classname="com.ttkien.utils.RectangleUtilTest" name="testReadInputWithInvalidValues2" time="0.001"/>
  <testcase classname="com.ttkien.utils.RectangleUtilTest" name="testAnalyzeFeatures_thenExpectIntersectionAndContainment1" time="0"/>
  <testcase classname="com.ttkien.utils.RectangleUtilTest" name="testAnalyzeFeatures_thenExpectIntersectionAndContainment2" time="0"/>
  <testcase classname="com.ttkien.utils.RectangleUtilTest" name="testAnalyzeFeatures_thenExpectIntersectionAndContainment3" time="0"/>
  <testcase classname="com.ttkien.utils.RectangleUtilTest" name="testAnalyzeFeatures_thenExpectIntersectionAndContainment4" time="0"/>
  <testcase classname="com.ttkien.utils.RectangleUtilTest" name="testAnalyzeFeatures_thenExpectNoneFeaturesExist2" time="0.001"/>
  <testcase classname="com.ttkien.utils.RectangleUtilTest" name="testAnalyzeFeatures_thenExpectNoneFeaturesExist3" time="0"/>
  <testcase classname="com.ttkien.utils.RectangleUtilTest" name="testAnalyzeFeatures_thenExpectNoneFeaturesExist4" time="0.001"/>
  <testcase classname="com.ttkien.utils.RectangleUtilTest" name="testAnalyzeFeatures_thenExpectNoneFeaturesExist5" time="0.001"/>
  <testcase classname="com.ttkien.utils.RectangleUtilTest" name="testAnalyzeFeatures_thenExpectNoneFeaturesExist6" time="0"/>
  <testcase classname="com.ttkien.utils.RectangleUtilTest" name="testAnalyzeFeatures_thenExpectNoneFeaturesExist7" time="0"/>
  <testcase classname="com.ttkien.utils.RectangleUtilTest" name="testAnalyzeFeatures_thenExpectNoneFeaturesExist8" time="0"/>
  <testcase classname="com.ttkien.utils.RectangleUtilTest" name="testAnalyzeFeatures_thenExpectNoneFeaturesExist9" time="0.001"/>
  <testcase classname="com.ttkien.utils.RectangleUtilTest" name="testVisualizeOnConsoleWithLargeRectangles_thenExpectWarningReturn" time="0"/>
  <testcase classname="com.ttkien.utils.RectangleUtilTest" name="testAnalyzeFeatures_thenExpectPartialAdjacencyOnly" time="0.001"/>
  <testcase classname="com.ttkien.utils.RectangleUtilTest" name="testAnalyzeFeatures_thenExpectPartialAdjacency2" time="0"/>
  <testcase classname="com.ttkien.utils.RectangleUtilTest" name="testAnalyzeFeatures_thenExpectPartialAdjacencyOnly2" time="0"/>
  <testcase classname="com.ttkien.utils.RectangleUtilTest" name="testAnalyzeFeatures_thenExpectSublineAdjacency1" time="0"/>
  <testcase classname="com.ttkien.utils.RectangleUtilTest" name="testAnalyzeFeatures_thenExpectSublineAdjacencyOnly" time="0"/>
  <testcase classname="com.ttkien.utils.RectangleUtilTest" name="testVisualizeOnConsole_thenExpectVisualizableStringReturn" time="0"/>
  <testcase classname="com.ttkien.utils.RectangleUtilTest" name="testAnalyzeFeatures_thenExpectContainmentANdProperAdjacency" time="0"/>
  <testcase classname="com.ttkien.utils.RectangleUtilTest" name="testAnalyzeFeatures_thenExpectNoneOfFeaturesExis3" time="0"/>
  <testcase classname="com.ttkien.utils.RectangleUtilTest" name="testAnalyzeFeatures_thenExpectNoneOfFeaturesExist" time="0.001"/>
  <testcase classname="com.ttkien.utils.RectangleUtilTest" name="testReadInputWithNegativeValues" time="0"/>
  <testcase classname="com.ttkien.utils.RectangleUtilTest" name="testAnalyzeFeatures_thenExpectContainmentAndSublineAdjacency2" time="0.001"/>
  <testcase classname="com.ttkien.utils.RectangleUtilTest" name="testAnalyzeFeatures_thenExpectContainmentAndSublineAdjacency3" time="0"/>
  <testcase classname="com.ttkien.utils.RectangleUtilTest" name="testAnalyzeFeatures_thenExpectContainmentAndSublineAdjacency4" time="0"/>
  <testcase classname="com.ttkien.utils.RectangleUtilTest" name="testAnalyzeFeatures_thenExpectContainmentAndSublineAdjacency5" time="0.001"/>
  <testcase classname="com.ttkien.utils.RectangleUtilTest" name="testAnalyzeFeatures_thenExpectContainmentAndSublineAdjacency6" time="0"/>
  <testcase classname="com.ttkien.utils.RectangleUtilTest" name="testAnalyzeFeatures_thenExpectSublineAdjacencyOnly2" time="0"/>
  <testcase classname="com.ttkien.utils.RectangleUtilTest" name="testAnalyzeFeatures_thenExpectContainmentAndProperAdjacency" time="0.001"/>
  <testcase classname="com.ttkien.utils.RectangleUtilTest" name="testReadInputWithInvalidValues" time="0"/>
</testsuite>