<?xml version="1.0" encoding="UTF-8" ?>
<testsuite tests="67" failures="0" name="com.ttkien.model.RectangleTest" time="0.007" errors="0" skipped="0">
  <properties>
[...]
</properties>
  <testcase classname="com.ttkien.model.RectangleTest" name="testIntersectionWithTwoRectangles_thenExpectNoIntersection" time="0"/>
  <testcase classname="com.ttkien.model.RectangleTest" name="testIntersectionWithTwoRectangles_thenExpectNoIntersection2" time="0"/>
  <testcase classname="com.ttkien.model.RectangleTest" name="testIntersectionWithTwoRectangles_thenExpectNoIntersection3" time="0"/>
  <testcase classname="com.ttkien.model.RectangleTest" name="testEmmptyRectanglesContainsPointAt0x0_thenExpectFalse" time="0"/>
  <testcase classname="com.ttkien.model.RectangleTest" name="testANegativePosRectangleContainsEmptyRectangle_thenExpectTrue" time="0"/>
  <testcase classname="com.ttkien.model.RectangleTest" name="testIntersectionWithTwoRectangles_thenExpectIntersection" time="0.001"/>
  <testcase classname="com.ttkien.model.RectangleTest" name="testConstructorNoneArgument_thenAssertValuesOfProperty" time="0"/>
  <testcase classname="com.ttkien.model.RectangleTest" name="testANegativePosRectangleContainsEmptyRectangle_thenExpectTrue2" time="0"/>
  <testcase classname="com.ttkien.model.RectangleTest" name="testEmmptyRectanglesContainsPointAt1x1_thenExpectFalse" time="0"/>
  <testcase classname="com.ttkien.model.RectangleTest" name="testIntersectionWithTwoRectangles_thenExpectIntersection2" time="0"/>
  <testcase classname="com.ttkien.model.RectangleTest" name="testIntersectionWithTwoRectangles_thenExpectIntersection3" time="0"/>
  <testcase classname="com.ttkien.model.RectangleTest" name="testIntersectTwoRectangles_ThenExpectFalse2" time="0"/>
  <testcase classname="com.ttkien.model.RectangleTest" name="testIntersectTwoRectangles_ThenExpectFalse3" time="0"/>
  <testcase classname="com.ttkien.model.RectangleTest" name="testAdjacentOfTwoRectangles_ThenExpectSUB_LINE2" time="0.001"/>
  <testcase classname="com.ttkien.model.RectangleTest" name="testAdjacentOfTwoRectangles_ThenExpectPROPER" time="0"/>
  <testcase classname="com.ttkien.model.RectangleTest" name="testIntersectTwoRectangles_ThenExpectFalse" time="0.001"/>
  <testcase classname="com.ttkien.model.RectangleTest" name="testAdjacentOfTwoRectangles_ThenExpectSUB_LINE" time="0"/>
  <testcase classname="com.ttkien.model.RectangleTest" name="testIntersectTwoRectangles_ThenExpectTrue2" time="0"/>
  <testcase classname="com.ttkien.model.RectangleTest" name="testIntersectTwoRectangles_ThenExpectTrue3" time="0"/>
  <testcase classname="com.ttkien.model.RectangleTest" name="testARectangleContainsEmptyRectangle_thenExpectFalse" time="0"/>
  <testcase classname="com.ttkien.model.RectangleTest" name="testIntersectionWithAEmptyRectangle_thenExpectNoIntersection" time="0"/>
  <testcase classname="com.ttkien.model.RectangleTest" name="testConstructorWithPositiveArguments_thenAssertValueOfProperties" time="0.001"/>
  <testcase classname="com.ttkien.model.RectangleTest" name="testConstructorWithNegativeWidth_thenAssertValuesOfProperties" time="0"/>
  <testcase classname="com.ttkien.model.RectangleTest" name="testNegativePosRectangleContainsEmptyRectangle_thenExpectFalse2" time="0"/>
  <testcase classname="com.ttkien.model.RectangleTest" name="testAdjacentOfARectangleWithAEmptyRectangle_ThenExpectSUBLINE" time="0"/>
  <testcase classname="com.ttkien.model.RectangleTest" name="testRectanglesContainsAPoint_thenExpectFalse" time="0"/>
  <testcase classname="com.ttkien.model.RectangleTest" name="testIntersectTwoRectangles_ThenExpectTrue" time="0"/>
  <testcase classname="com.ttkien.model.RectangleTest" name="testAdjacentOfTwoRectangles_ThenExpectPARITAL" time="0"/>
  <testcase classname="com.ttkien.model.RectangleTest" name="testAdjacentOfTwoRectangles_ThenExpectPARTIAL" time="0"/>
  <testcase classname="com.ttkien.model.RectangleTest" name="testAdjacentTwoEmptyRectangle_ThenExpectPROPER" time="0"/>
  <testcase classname="com.ttkien.model.RectangleTest" name="testIntersectionOfTwoEmptyRectangle_thenExpectNoIntersection" time="0"/>
  <testcase classname="com.ttkien.model.RectangleTest" name="testPositivePosRectangleContainsEmptyRectangle_thenExpectFalse" time="0"/>
  <testcase classname="com.ttkien.model.RectangleTest" name="testConstructorNoneArgument_thenAssertToString" time="0"/>
  <testcase classname="com.ttkien.model.RectangleTest" name="testGetCornersOfAEmptyRectangle_thenExpect4Points" time="0"/>
  <testcase classname="com.ttkien.model.RectangleTest" name="tetAZeroPointIsOnSideARectangle_ThenExpectFalse2" time="0"/>
  <testcase classname="com.ttkien.model.RectangleTest" name="tetAZeroPointIsOnSideARectangle_ThenExpectFalse3" time="0"/>
  <testcase classname="com.ttkien.model.RectangleTest" name="tetAZeroPointIsOnSideARectangle_ThenExpectFalse4" time="0"/>
  <testcase classname="com.ttkien.model.RectangleTest" name="tetAZeroPointIsOnSideARectangle_ThenExpectFalse5" time="0"/>
  <testcase classname="com.ttkien.model.RectangleTest" name="tetAZeroPointIsOnSideARectangle_ThenExpectFalse6" time="0"/>
  <testcase classname="com.ttkien.model.RectangleTest" name="tetAZeroPointIsOnSideARectangle_ThenExpectFalse7" time="0"/>
  <testcase classname="com.ttkien.model.RectangleTest" name="testContains" time="0"/>
  <testcase classname="com.ttkien.model.RectangleTest" name="testAEmptyRectangleContainsAPositivePosRectangle_thenExpectFalse" time="0.001"/>
  <testcase classname="com.ttkien.model.RectangleTest" name="testNegativePosRectangleContainsEmptyRectangle_thenExpectFalse" time="0"/>
  <testcase classname="com.ttkien.model.RectangleTest" name="tetAZeroPointIsOnSideARectangle_ThenExpectFalse" time="0"/>
  <testcase classname="com.ttkien.model.RectangleTest" name="testAdjacentOfARectangleWithAEmptyRectangle_ThenExpectNONE2" time="0"/>
  <testcase classname="com.ttkien.model.RectangleTest" name="testAdjacentOfARectangleWithAEmptyRectangle_ThenExpectNONE3" time="0"/>
  <testcase classname="com.ttkien.model.RectangleTest" name="testAdjacentOfARectangleWithAEmptyRectangle_ThenExpectNONE4" time="0"/>
  <testcase classname="com.ttkien.model.RectangleTest" name="testAdjacentOfARectangleWithAEmptyRectangle_ThenExpectNONE5" time="0.001"/>
  <testcase classname="com.ttkien.model.RectangleTest" name="testAdjacentOfARectangleWithAEmptyRectangle_ThenExpectNONE" time="0"/>
  <testcase classname="com.ttkien.model.RectangleTest" name="testIntersectTwoEmptyRectangles_ThenExpectFalse" time="0"/>
  <testcase classname="com.ttkien.model.RectangleTest" name="testIntersectTwoEmptyRectangles_ThenExpectFalse2" time="0"/>
  <testcase classname="com.ttkien.model.RectangleTest" name="testEmptyRectangleContainsEmptyRectangle_thenExpectTrue" time="0"/>
  <testcase classname="com.ttkien.model.RectangleTest" name="testIntersectWithOneEmptyRectangles_ThenExpectFalse" time="0"/>
  <testcase classname="com.ttkien.model.RectangleTest" name="testANegativePosRectangleContainsAEmptyRectangle_thenExpectFalse" time="0"/>
  <testcase classname="com.ttkien.model.RectangleTest" name="testRectangleContainsEmptyRectangle_thenExpectFalse" time="0"/>
  <testcase classname="com.ttkien.model.RectangleTest" name="testPositivePosRectangleContainsEmptyRectangle_thenExpectFalse2" time="0"/>
  <testcase classname="com.ttkien.model.RectangleTest" name="testAdjacentOfARectangleWithAEmptyRectangle_ThenExpectSUBLINE2" time="0"/>
  <testcase classname="com.ttkien.model.RectangleTest" name="testAdjacentOfARectangleWithAEmptyRectangle_ThenExpectSUBLINE3" time="0.001"/>
  <testcase classname="com.ttkien.model.RectangleTest" name="testAdjacentOfARectangleWithAEmptyRectangle_ThenExpectSUBLINE4" time="0"/>
  <testcase classname="com.ttkien.model.RectangleTest" name="testAdjacentOfARectangleWithAEmptyRectangle_ThenExpectSUBLINE5" time="0"/>
  <testcase classname="com.ttkien.model.RectangleTest" name="testIsEmpty" time="0"/>
  <testcase classname="com.ttkien.model.RectangleTest" name="testAPointOfXandYAreOnSidesOfRectangles" time="0"/>
  <testcase classname="com.ttkien.model.RectangleTest" name="testConstructor5WithNegativeHeight_thenAssertValuesOfProperties" time="0"/>
  <testcase classname="com.ttkien.model.RectangleTest" name="testEmptyRectangleContainsARectangle_thenExpectFalse" time="0"/>
  <testcase classname="com.ttkien.model.RectangleTest" name="testIntersectionWithAEmptyRectangle2_thenExpectNoIntersection" time="0"/>
  <testcase classname="com.ttkien.model.RectangleTest" name="tetAZeroPointIsOnSideZeroEmptyRectangle_ThenExpectTrue" time="0"/>
  <testcase classname="com.ttkien.model.RectangleTest" name="testANegativePosRectangleContainsEmptyRectangle_thenExpectFalse2" time="0"/>
</testsuite>